{"/workspaces/shiftwise/backend/src/lib/errors.ts": {"path":"/workspaces/shiftwise/backend/src/lib/errors.ts","statementMap":{"0":{"start":{"line":36,"column":4},"end":{"line":36,"column":19}},"1":{"start":{"line":30,"column":11},"end":{"line":30,"column":29}},"2":{"start":{"line":34,"column":11},"end":{"line":34,"column":24}},"3":{"start":{"line":37,"column":4},"end":{"line":37,"column":27}},"4":{"start":{"line":27,"column":0},"end":{"line":27,"column":13}},"5":{"start":{"line":51,"column":26},"end":{"line":52,"column":39}},"6":{"start":{"line":52,"column":2},"end":{"line":52,"column":39}},"7":{"start":{"line":51,"column":13},"end":{"line":51,"column":26}},"8":{"start":{"line":64,"column":28},"end":{"line":65,"column":40}},"9":{"start":{"line":65,"column":2},"end":{"line":65,"column":40}},"10":{"start":{"line":64,"column":13},"end":{"line":64,"column":28}},"11":{"start":{"line":77,"column":25},"end":{"line":78,"column":37}},"12":{"start":{"line":78,"column":2},"end":{"line":78,"column":37}},"13":{"start":{"line":77,"column":13},"end":{"line":77,"column":25}},"14":{"start":{"line":90,"column":24},"end":{"line":91,"column":37}},"15":{"start":{"line":91,"column":2},"end":{"line":91,"column":37}},"16":{"start":{"line":90,"column":13},"end":{"line":90,"column":24}},"17":{"start":{"line":103,"column":24},"end":{"line":104,"column":36}},"18":{"start":{"line":104,"column":2},"end":{"line":104,"column":36}},"19":{"start":{"line":103,"column":13},"end":{"line":103,"column":24}},"20":{"start":{"line":114,"column":24},"end":{"line":115,"column":42}},"21":{"start":{"line":115,"column":2},"end":{"line":115,"column":42}},"22":{"start":{"line":114,"column":13},"end":{"line":114,"column":24}}},"fnMap":{"0":{"name":"(anonymous_0)","decl":{"start":{"line":28,"column":2},"end":{"line":28,"column":null}},"loc":{"start":{"line":34,"column":24},"end":{"line":38,"column":3}}},"1":{"name":"(anonymous_1)","decl":{"start":{"line":51,"column":26},"end":{"line":51,"column":27}},"loc":{"start":{"line":52,"column":2},"end":{"line":52,"column":39}}},"2":{"name":"(anonymous_2)","decl":{"start":{"line":64,"column":28},"end":{"line":64,"column":29}},"loc":{"start":{"line":65,"column":2},"end":{"line":65,"column":40}}},"3":{"name":"(anonymous_3)","decl":{"start":{"line":77,"column":25},"end":{"line":77,"column":26}},"loc":{"start":{"line":78,"column":2},"end":{"line":78,"column":37}}},"4":{"name":"(anonymous_4)","decl":{"start":{"line":90,"column":24},"end":{"line":90,"column":25}},"loc":{"start":{"line":91,"column":2},"end":{"line":91,"column":37}}},"5":{"name":"(anonymous_5)","decl":{"start":{"line":103,"column":24},"end":{"line":103,"column":25}},"loc":{"start":{"line":104,"column":2},"end":{"line":104,"column":36}}},"6":{"name":"(anonymous_6)","decl":{"start":{"line":114,"column":24},"end":{"line":114,"column":25}},"loc":{"start":{"line":115,"column":2},"end":{"line":115,"column":42}}}},"branchMap":{"0":{"loc":{"start":{"line":51,"column":27},"end":{"line":51,"column":46}},"type":"default-arg","locations":[{"start":{"line":51,"column":33},"end":{"line":51,"column":46}}]},"1":{"loc":{"start":{"line":64,"column":29},"end":{"line":64,"column":49}},"type":"default-arg","locations":[{"start":{"line":64,"column":35},"end":{"line":64,"column":49}}]},"2":{"loc":{"start":{"line":77,"column":26},"end":{"line":77,"column":43}},"type":"default-arg","locations":[{"start":{"line":77,"column":32},"end":{"line":77,"column":43}}]},"3":{"loc":{"start":{"line":90,"column":25},"end":{"line":90,"column":42}},"type":"default-arg","locations":[{"start":{"line":90,"column":31},"end":{"line":90,"column":42}}]},"4":{"loc":{"start":{"line":103,"column":25},"end":{"line":103,"column":41}},"type":"default-arg","locations":[{"start":{"line":103,"column":31},"end":{"line":103,"column":41}}]},"5":{"loc":{"start":{"line":114,"column":25},"end":{"line":114,"column":54}},"type":"default-arg","locations":[{"start":{"line":114,"column":31},"end":{"line":114,"column":54}}]}},"s":{"0":12,"1":12,"2":12,"3":12,"4":2,"5":2,"6":3,"7":2,"8":2,"9":4,"10":2,"11":2,"12":3,"13":2,"14":2,"15":0,"16":2,"17":2,"18":2,"19":2,"20":2,"21":0,"22":2},"f":{"0":12,"1":3,"2":4,"3":3,"4":0,"5":2,"6":0},"b":{"0":[0],"1":[0],"2":[0],"3":[0],"4":[0],"5":[0]}}
,"/workspaces/shiftwise/backend/src/lib/jwt.ts": {"path":"/workspaces/shiftwise/backend/src/lib/jwt.ts","statementMap":{"0":{"start":{"line":48,"column":0},"end":{"line":48,"column":16}},"1":{"start":{"line":68,"column":0},"end":{"line":68,"column":16}},"2":{"start":{"line":88,"column":0},"end":{"line":88,"column":16}},"3":{"start":{"line":106,"column":0},"end":{"line":106,"column":16}},"4":{"start":{"line":124,"column":0},"end":{"line":124,"column":16}},"5":{"start":{"line":16,"column":0},"end":{"line":16,"column":31}},"6":{"start":{"line":17,"column":0},"end":{"line":17,"column":28}},"7":{"start":{"line":20,"column":2},"end":{"line":20,"column":69}},"8":{"start":{"line":22,"column":2},"end":{"line":22,"column":71}},"9":{"start":{"line":49,"column":2},"end":{"line":49,"column":64}},"10":{"start":{"line":69,"column":2},"end":{"line":69,"column":64}},"11":{"start":{"line":89,"column":2},"end":{"line":89,"column":64}},"12":{"start":{"line":107,"column":2},"end":{"line":107,"column":65}},"13":{"start":{"line":125,"column":2},"end":{"line":125,"column":48}}},"fnMap":{"0":{"name":"signAccessToken","decl":{"start":{"line":48,"column":16},"end":{"line":48,"column":31}},"loc":{"start":{"line":48,"column":59},"end":{"line":50,"column":1}}},"1":{"name":"verifyAccessToken","decl":{"start":{"line":68,"column":16},"end":{"line":68,"column":33}},"loc":{"start":{"line":68,"column":47},"end":{"line":70,"column":1}}},"2":{"name":"signRefreshToken","decl":{"start":{"line":88,"column":16},"end":{"line":88,"column":32}},"loc":{"start":{"line":88,"column":60},"end":{"line":90,"column":1}}},"3":{"name":"verifyRefreshToken","decl":{"start":{"line":106,"column":16},"end":{"line":106,"column":34}},"loc":{"start":{"line":106,"column":48},"end":{"line":108,"column":1}}},"4":{"name":"generateOpaqueToken","decl":{"start":{"line":124,"column":16},"end":{"line":124,"column":35}},"loc":{"start":{"line":124,"column":35},"end":{"line":126,"column":1}}}},"branchMap":{"0":{"loc":{"start":{"line":20,"column":2},"end":{"line":20,"column":69}},"type":"binary-expr","locations":[{"start":{"line":20,"column":2},"end":{"line":20,"column":31}},{"start":{"line":20,"column":35},"end":{"line":20,"column":69}}]},"1":{"loc":{"start":{"line":22,"column":2},"end":{"line":22,"column":71}},"type":"binary-expr","locations":[{"start":{"line":22,"column":2},"end":{"line":22,"column":32}},{"start":{"line":22,"column":36},"end":{"line":22,"column":71}}]}},"s":{"0":2,"1":2,"2":2,"3":2,"4":2,"5":2,"6":2,"7":2,"8":2,"9":10,"10":8,"11":2,"12":0,"13":0},"f":{"0":10,"1":8,"2":2,"3":0,"4":0},"b":{"0":[2,2],"1":[2,2]}}
,"/workspaces/shiftwise/backend/src/lib/prisma.ts": {"path":"/workspaces/shiftwise/backend/src/lib/prisma.ts","statementMap":{"0":{"start":{"line":1,"column":0},"end":{"line":1,"column":45}},"1":{"start":{"line":4,"column":24},"end":{"line":4,"column":73}},"2":{"start":{"line":6,"column":13},"end":{"line":10,"column":null}},"3":{"start":{"line":12,"column":0},"end":{"line":12,"column":null}},"4":{"start":{"line":12,"column":43},"end":{"line":12,"column":null}}},"fnMap":{},"branchMap":{"0":{"loc":{"start":{"line":7,"column":2},"end":{"line":10,"column":4}},"type":"binary-expr","locations":[{"start":{"line":7,"column":2},"end":{"line":7,"column":24}},{"start":{"line":8,"column":2},"end":{"line":10,"column":4}}]},"1":{"loc":{"start":{"line":9,"column":9},"end":{"line":9,"column":88}},"type":"cond-expr","locations":[{"start":{"line":9,"column":50},"end":{"line":9,"column":76}},{"start":{"line":9,"column":79},"end":{"line":9,"column":88}}]},"2":{"loc":{"start":{"line":12,"column":0},"end":{"line":12,"column":null}},"type":"if","locations":[{"start":{"line":12,"column":0},"end":{"line":12,"column":null}},{"start":{},"end":{}}]}},"s":{"0":0,"1":0,"2":0,"3":0,"4":0},"f":{},"b":{"0":[0,0],"1":[0,0],"2":[0,0]}}
,"/workspaces/shiftwise/backend/src/lib/responses.ts": {"path":"/workspaces/shiftwise/backend/src/lib/responses.ts","statementMap":{"0":{"start":{"line":31,"column":18},"end":{"line":31,"column":78}},"1":{"start":{"line":31,"column":52},"end":{"line":31,"column":78}},"2":{"start":{"line":31,"column":13},"end":{"line":31,"column":18}},"3":{"start":{"line":43,"column":23},"end":{"line":44,"column":28}},"4":{"start":{"line":44,"column":2},"end":{"line":44,"column":28}},"5":{"start":{"line":43,"column":13},"end":{"line":43,"column":23}},"6":{"start":{"line":56,"column":25},"end":{"line":56,"column":66}},"7":{"start":{"line":56,"column":44},"end":{"line":56,"column":66}},"8":{"start":{"line":56,"column":13},"end":{"line":56,"column":25}}},"fnMap":{"0":{"name":"(anonymous_0)","decl":{"start":{"line":31,"column":18},"end":{"line":31,"column":19}},"loc":{"start":{"line":31,"column":52},"end":{"line":31,"column":78}}},"1":{"name":"(anonymous_1)","decl":{"start":{"line":43,"column":23},"end":{"line":43,"column":24}},"loc":{"start":{"line":44,"column":2},"end":{"line":44,"column":28}}},"2":{"name":"(anonymous_2)","decl":{"start":{"line":56,"column":25},"end":{"line":56,"column":26}},"loc":{"start":{"line":56,"column":44},"end":{"line":56,"column":66}}}},"branchMap":{},"s":{"0":2,"1":3,"2":2,"3":2,"4":2,"5":2,"6":2,"7":1,"8":2},"f":{"0":3,"1":2,"2":1},"b":{}}
,"/workspaces/shiftwise/backend/src/middleware/auth.ts": {"path":"/workspaces/shiftwise/backend/src/middleware/auth.ts","statementMap":{"0":{"start":{"line":66,"column":0},"end":{"line":66,"column":7}},"1":{"start":{"line":121,"column":0},"end":{"line":121,"column":16}},"2":{"start":{"line":28,"column":0},"end":{"line":28,"column":47}},"3":{"start":{"line":29,"column":0},"end":{"line":29,"column":39}},"4":{"start":{"line":30,"column":0},"end":{"line":30,"column":68}},"5":{"start":{"line":71,"column":21},"end":{"line":71,"column":46}},"6":{"start":{"line":72,"column":2},"end":{"line":74,"column":3}},"7":{"start":{"line":73,"column":4},"end":{"line":73,"column":73}},"8":{"start":{"line":76,"column":16},"end":{"line":76,"column":35}},"9":{"start":{"line":77,"column":2},"end":{"line":87,"column":3}},"10":{"start":{"line":78,"column":20},"end":{"line":78,"column":44}},"11":{"start":{"line":79,"column":17},"end":{"line":81,"column":6}},"12":{"start":{"line":82,"column":4},"end":{"line":82,"column":66}},"13":{"start":{"line":82,"column":15},"end":{"line":82,"column":66}},"14":{"start":{"line":83,"column":4},"end":{"line":83,"column":20}},"15":{"start":{"line":84,"column":4},"end":{"line":84,"column":11}},"16":{"start":{"line":86,"column":4},"end":{"line":86,"column":58}},"17":{"start":{"line":122,"column":2},"end":{"line":140,"column":4}},"18":{"start":{"line":123,"column":28},"end":{"line":123,"column":38}},"19":{"start":{"line":125,"column":4},"end":{"line":125,"column":79}},"20":{"start":{"line":125,"column":22},"end":{"line":125,"column":79}},"21":{"start":{"line":127,"column":23},"end":{"line":130,"column":6}},"22":{"start":{"line":132,"column":4},"end":{"line":132,"column":78}},"23":{"start":{"line":132,"column":21},"end":{"line":132,"column":78}},"24":{"start":{"line":134,"column":4},"end":{"line":136,"column":5}},"25":{"start":{"line":135,"column":6},"end":{"line":135,"column":69}},"26":{"start":{"line":138,"column":4},"end":{"line":138,"column":32}},"27":{"start":{"line":139,"column":4},"end":{"line":139,"column":11}}},"fnMap":{"0":{"name":"requireAuth","decl":{"start":{"line":66,"column":22},"end":{"line":66,"column":33}},"loc":{"start":{"line":69,"column":20},"end":{"line":88,"column":1}}},"1":{"name":"requireRole","decl":{"start":{"line":121,"column":16},"end":{"line":121,"column":27}},"loc":{"start":{"line":121,"column":77},"end":{"line":141,"column":1}}},"2":{"name":"(anonymous_2)","decl":{"start":{"line":122,"column":9},"end":{"line":122,"column":14}},"loc":{"start":{"line":122,"column":71},"end":{"line":140,"column":3}}}},"branchMap":{"0":{"loc":{"start":{"line":72,"column":2},"end":{"line":74,"column":3}},"type":"if","locations":[{"start":{"line":72,"column":2},"end":{"line":74,"column":3}},{"start":{},"end":{}}]},"1":{"loc":{"start":{"line":82,"column":4},"end":{"line":82,"column":66}},"type":"if","locations":[{"start":{"line":82,"column":4},"end":{"line":82,"column":66}},{"start":{},"end":{}}]},"2":{"loc":{"start":{"line":125,"column":4},"end":{"line":125,"column":79}},"type":"if","locations":[{"start":{"line":125,"column":4},"end":{"line":125,"column":79}},{"start":{},"end":{}}]},"3":{"loc":{"start":{"line":132,"column":4},"end":{"line":132,"column":78}},"type":"if","locations":[{"start":{"line":132,"column":4},"end":{"line":132,"column":78}},{"start":{},"end":{}}]},"4":{"loc":{"start":{"line":134,"column":4},"end":{"line":136,"column":5}},"type":"if","locations":[{"start":{"line":134,"column":4},"end":{"line":136,"column":5}},{"start":{},"end":{}}]}},"s":{"0":2,"1":2,"2":2,"3":2,"4":2,"5":10,"6":10,"7":2,"8":8,"9":8,"10":8,"11":8,"12":8,"13":0,"14":8,"15":8,"16":0,"17":6,"18":8,"19":8,"20":0,"21":8,"22":8,"23":1,"24":7,"25":2,"26":5,"27":5},"f":{"0":10,"1":6,"2":8},"b":{"0":[2,8],"1":[0,8],"2":[0,8],"3":[1,7],"4":[2,5]}}
,"/workspaces/shiftwise/backend/src/middleware/logger.ts": {"path":"/workspaces/shiftwise/backend/src/middleware/logger.ts","statementMap":{"0":{"start":{"line":40,"column":0},"end":{"line":40,"column":16}},"1":{"start":{"line":41,"column":16},"end":{"line":41,"column":26}},"2":{"start":{"line":42,"column":34},"end":{"line":42,"column":37}},"3":{"start":{"line":44,"column":2},"end":{"line":62,"column":5}},"4":{"start":{"line":45,"column":21},"end":{"line":45,"column":39}},"5":{"start":{"line":46,"column":19},"end":{"line":46,"column":33}},"6":{"start":{"line":49,"column":6},"end":{"line":49,"column":79}},"7":{"start":{"line":51,"column":6},"end":{"line":57,"column":18}},"8":{"start":{"line":59,"column":4},"end":{"line":61,"column":6}},"9":{"start":{"line":64,"column":2},"end":{"line":64,"column":9}}},"fnMap":{"0":{"name":"requestLogger","decl":{"start":{"line":40,"column":16},"end":{"line":40,"column":29}},"loc":{"start":{"line":40,"column":77},"end":{"line":65,"column":1}}},"1":{"name":"(anonymous_1)","decl":{"start":{"line":44,"column":19},"end":{"line":44,"column":22}},"loc":{"start":{"line":44,"column":24},"end":{"line":62,"column":3}}}},"branchMap":{"0":{"loc":{"start":{"line":49,"column":6},"end":{"line":49,"column":79}},"type":"cond-expr","locations":[{"start":{"line":49,"column":22},"end":{"line":49,"column":26}},{"start":{"line":49,"column":29},"end":{"line":49,"column":79}}]},"1":{"loc":{"start":{"line":49,"column":29},"end":{"line":49,"column":79}},"type":"cond-expr","locations":[{"start":{"line":49,"column":45},"end":{"line":49,"column":49}},{"start":{"line":49,"column":52},"end":{"line":49,"column":79}}]},"2":{"loc":{"start":{"line":49,"column":52},"end":{"line":49,"column":79}},"type":"cond-expr","locations":[{"start":{"line":49,"column":68},"end":{"line":49,"column":72}},{"start":{"line":49,"column":75},"end":{"line":49,"column":79}}]},"3":{"loc":{"start":{"line":51,"column":6},"end":{"line":57,"column":18}},"type":"cond-expr","locations":[{"start":{"line":52,"column":10},"end":{"line":52,"column":14}},{"start":{"line":53,"column":10},"end":{"line":57,"column":18}}]},"4":{"loc":{"start":{"line":53,"column":10},"end":{"line":57,"column":18}},"type":"cond-expr","locations":[{"start":{"line":54,"column":12},"end":{"line":54,"column":16}},{"start":{"line":55,"column":12},"end":{"line":57,"column":18}}]},"5":{"loc":{"start":{"line":55,"column":12},"end":{"line":57,"column":18}},"type":"cond-expr","locations":[{"start":{"line":56,"column":14},"end":{"line":56,"column":18}},{"start":{"line":57,"column":14},"end":{"line":57,"column":18}}]}},"s":{"0":0,"1":0,"2":0,"3":0,"4":0,"5":0,"6":0,"7":0,"8":0,"9":0},"f":{"0":0,"1":0},"b":{"0":[0,0],"1":[0,0],"2":[0,0],"3":[0,0],"4":[0,0],"5":[0,0]}}
,"/workspaces/shiftwise/backend/src/routes/auth.ts": {"path":"/workspaces/shiftwise/backend/src/routes/auth.ts","statementMap":{"0":{"start":{"line":1,"column":0},"end":{"line":1,"column":66}},"1":{"start":{"line":2,"column":0},"end":{"line":2,"column":30}},"2":{"start":{"line":3,"column":0},"end":{"line":3,"column":24}},"3":{"start":{"line":4,"column":0},"end":{"line":4,"column":39}},"4":{"start":{"line":5,"column":0},"end":{"line":5,"column":null}},"5":{"start":{"line":10,"column":0},"end":{"line":10,"column":67}},"6":{"start":{"line":11,"column":0},"end":{"line":11,"column":47}},"7":{"start":{"line":13,"column":15},"end":{"line":13,"column":23}},"8":{"start":{"line":15,"column":23},"end":{"line":20,"column":2}},"9":{"start":{"line":22,"column":20},"end":{"line":25,"column":2}},"10":{"start":{"line":28,"column":0},"end":{"line":91,"column":2}},"11":{"start":{"line":31,"column":4},"end":{"line":89,"column":5}},"12":{"start":{"line":32,"column":21},"end":{"line":32,"column":55}},"13":{"start":{"line":33,"column":6},"end":{"line":34,"column":72}},"14":{"start":{"line":34,"column":8},"end":{"line":34,"column":72}},"15":{"start":{"line":36,"column":55},"end":{"line":36,"column":66}},"16":{"start":{"line":38,"column":23},"end":{"line":38,"column":73}},"17":{"start":{"line":39,"column":6},"end":{"line":39,"column":66}},"18":{"start":{"line":39,"column":20},"end":{"line":39,"column":66}},"19":{"start":{"line":41,"column":27},"end":{"line":41,"column":58}},"20":{"start":{"line":43,"column":19},"end":{"line":57,"column":8}},"21":{"start":{"line":59,"column":26},"end":{"line":62,"column":8}},"22":{"start":{"line":63,"column":27},"end":{"line":66,"column":8}},"23":{"start":{"line":68,"column":6},"end":{"line":74,"column":9}},"24":{"start":{"line":76,"column":6},"end":{"line":81,"column":9}},"25":{"start":{"line":83,"column":6},"end":{"line":86,"column":9}},"26":{"start":{"line":88,"column":6},"end":{"line":88,"column":16}},"27":{"start":{"line":94,"column":0},"end":{"line":154,"column":2}},"28":{"start":{"line":97,"column":4},"end":{"line":152,"column":5}},"29":{"start":{"line":98,"column":21},"end":{"line":98,"column":52}},"30":{"start":{"line":99,"column":6},"end":{"line":100,"column":72}},"31":{"start":{"line":100,"column":8},"end":{"line":100,"column":72}},"32":{"start":{"line":102,"column":34},"end":{"line":102,"column":45}},"33":{"start":{"line":104,"column":19},"end":{"line":104,"column":69}},"34":{"start":{"line":105,"column":6},"end":{"line":105,"column":66}},"35":{"start":{"line":105,"column":17},"end":{"line":105,"column":66}},"36":{"start":{"line":107,"column":20},"end":{"line":107,"column":69}},"37":{"start":{"line":108,"column":6},"end":{"line":108,"column":67}},"38":{"start":{"line":108,"column":18},"end":{"line":108,"column":67}},"39":{"start":{"line":110,"column":26},"end":{"line":113,"column":8}},"40":{"start":{"line":114,"column":27},"end":{"line":117,"column":8}},"41":{"start":{"line":119,"column":6},"end":{"line":125,"column":9}},"42":{"start":{"line":127,"column":6},"end":{"line":132,"column":9}},"43":{"start":{"line":134,"column":25},"end":{"line":137,"column":8}},"44":{"start":{"line":139,"column":6},"end":{"line":149,"column":9}},"45":{"start":{"line":151,"column":6},"end":{"line":151,"column":16}},"46":{"start":{"line":157,"column":0},"end":{"line":202,"column":2}},"47":{"start":{"line":160,"column":4},"end":{"line":200,"column":5}},"48":{"start":{"line":161,"column":20},"end":{"line":161,"column":45}},"49":{"start":{"line":162,"column":6},"end":{"line":162,"column":64}},"50":{"start":{"line":162,"column":18},"end":{"line":162,"column":64}},"51":{"start":{"line":164,"column":22},"end":{"line":164,"column":47}},"52":{"start":{"line":166,"column":21},"end":{"line":166,"column":79}},"53":{"start":{"line":167,"column":6},"end":{"line":169,"column":7}},"54":{"start":{"line":168,"column":8},"end":{"line":168,"column":70}},"55":{"start":{"line":171,"column":6},"end":{"line":171,"column":61}},"56":{"start":{"line":173,"column":30},"end":{"line":176,"column":8}},"57":{"start":{"line":177,"column":29},"end":{"line":180,"column":8}},"58":{"start":{"line":182,"column":6},"end":{"line":188,"column":9}},"59":{"start":{"line":190,"column":6},"end":{"line":195,"column":9}},"60":{"start":{"line":197,"column":6},"end":{"line":197,"column":47}},"61":{"start":{"line":199,"column":6},"end":{"line":199,"column":50}},"62":{"start":{"line":205,"column":0},"end":{"line":219,"column":2}},"63":{"start":{"line":208,"column":4},"end":{"line":217,"column":5}},"64":{"start":{"line":209,"column":20},"end":{"line":209,"column":45}},"65":{"start":{"line":210,"column":6},"end":{"line":212,"column":7}},"66":{"start":{"line":211,"column":8},"end":{"line":211,"column":67}},"67":{"start":{"line":213,"column":6},"end":{"line":213,"column":38}},"68":{"start":{"line":214,"column":6},"end":{"line":214,"column":28}},"69":{"start":{"line":216,"column":6},"end":{"line":216,"column":16}},"70":{"start":{"line":221,"column":0},"end":{"line":221,"column":22}}},"fnMap":{"0":{"name":"(anonymous_1)","decl":{"start":{"line":30,"column":2},"end":{"line":30,"column":7}},"loc":{"start":{"line":30,"column":60},"end":{"line":90,"column":3}}},"1":{"name":"(anonymous_2)","decl":{"start":{"line":96,"column":2},"end":{"line":96,"column":7}},"loc":{"start":{"line":96,"column":60},"end":{"line":153,"column":3}}},"2":{"name":"(anonymous_3)","decl":{"start":{"line":159,"column":2},"end":{"line":159,"column":7}},"loc":{"start":{"line":159,"column":60},"end":{"line":201,"column":3}}},"3":{"name":"(anonymous_4)","decl":{"start":{"line":207,"column":2},"end":{"line":207,"column":7}},"loc":{"start":{"line":207,"column":60},"end":{"line":218,"column":3}}}},"branchMap":{"0":{"loc":{"start":{"line":33,"column":6},"end":{"line":34,"column":72}},"type":"if","locations":[{"start":{"line":33,"column":6},"end":{"line":34,"column":72}},{"start":{},"end":{}}]},"1":{"loc":{"start":{"line":39,"column":6},"end":{"line":39,"column":66}},"type":"if","locations":[{"start":{"line":39,"column":6},"end":{"line":39,"column":66}},{"start":{},"end":{}}]},"2":{"loc":{"start":{"line":48,"column":14},"end":{"line":55,"column":12}},"type":"binary-expr","locations":[{"start":{"line":48,"column":14},"end":{"line":48,"column":27}},{"start":{"line":48,"column":31},"end":{"line":55,"column":12}}]},"3":{"loc":{"start":{"line":99,"column":6},"end":{"line":100,"column":72}},"type":"if","locations":[{"start":{"line":99,"column":6},"end":{"line":100,"column":72}},{"start":{},"end":{}}]},"4":{"loc":{"start":{"line":105,"column":6},"end":{"line":105,"column":66}},"type":"if","locations":[{"start":{"line":105,"column":6},"end":{"line":105,"column":66}},{"start":{},"end":{}}]},"5":{"loc":{"start":{"line":108,"column":6},"end":{"line":108,"column":67}},"type":"if","locations":[{"start":{"line":108,"column":6},"end":{"line":108,"column":67}},{"start":{},"end":{}}]},"6":{"loc":{"start":{"line":142,"column":19},"end":{"line":148,"column":16}},"type":"cond-expr","locations":[{"start":{"line":143,"column":12},"end":{"line":147,"column":null}},{"start":{"line":148,"column":12},"end":{"line":148,"column":16}}]},"7":{"loc":{"start":{"line":162,"column":6},"end":{"line":162,"column":64}},"type":"if","locations":[{"start":{"line":162,"column":6},"end":{"line":162,"column":64}},{"start":{},"end":{}}]},"8":{"loc":{"start":{"line":167,"column":6},"end":{"line":169,"column":7}},"type":"if","locations":[{"start":{"line":167,"column":6},"end":{"line":169,"column":7}},{"start":{},"end":{}}]},"9":{"loc":{"start":{"line":167,"column":10},"end":{"line":167,"column":50}},"type":"binary-expr","locations":[{"start":{"line":167,"column":10},"end":{"line":167,"column":17}},{"start":{"line":167,"column":21},"end":{"line":167,"column":50}}]},"10":{"loc":{"start":{"line":210,"column":6},"end":{"line":212,"column":7}},"type":"if","locations":[{"start":{"line":210,"column":6},"end":{"line":212,"column":7}},{"start":{},"end":{}}]}},"s":{"0":2,"1":2,"2":2,"3":2,"4":2,"5":2,"6":2,"7":2,"8":2,"9":2,"10":2,"11":3,"12":3,"13":3,"14":1,"15":2,"16":2,"17":2,"18":1,"19":1,"20":1,"21":1,"22":1,"23":1,"24":1,"25":1,"26":0,"27":2,"28":4,"29":4,"30":4,"31":1,"32":3,"33":3,"34":3,"35":1,"36":2,"37":2,"38":1,"39":1,"40":1,"41":1,"42":1,"43":1,"44":1,"45":0,"46":2,"47":0,"48":0,"49":0,"50":0,"51":0,"52":0,"53":0,"54":0,"55":0,"56":0,"57":0,"58":0,"59":0,"60":0,"61":0,"62":2,"63":1,"64":1,"65":1,"66":0,"67":1,"68":1,"69":0,"70":2},"f":{"0":3,"1":4,"2":0,"3":1},"b":{"0":[1,2],"1":[1,1],"2":[1,1],"3":[1,3],"4":[1,2],"5":[1,1],"6":[1,0],"7":[0,0],"8":[0,0],"9":[0,0],"10":[0,1]}}
,"/workspaces/shiftwise/backend/src/routes/workspaces.ts": {"path":"/workspaces/shiftwise/backend/src/routes/workspaces.ts","statementMap":{"0":{"start":{"line":1,"column":0},"end":{"line":1,"column":57}},"1":{"start":{"line":2,"column":0},"end":{"line":2,"column":24}},"2":{"start":{"line":3,"column":0},"end":{"line":3,"column":30}},"3":{"start":{"line":4,"column":0},"end":{"line":4,"column":39}},"4":{"start":{"line":5,"column":0},"end":{"line":5,"column":75}},"5":{"start":{"line":6,"column":0},"end":{"line":6,"column":53}},"6":{"start":{"line":7,"column":0},"end":{"line":7,"column":58}},"7":{"start":{"line":9,"column":15},"end":{"line":9,"column":23}},"8":{"start":{"line":11,"column":26},"end":{"line":16,"column":2}},"9":{"start":{"line":19,"column":0},"end":{"line":57,"column":2}},"10":{"start":{"line":24,"column":4},"end":{"line":55,"column":5}},"11":{"start":{"line":25,"column":30},"end":{"line":25,"column":40}},"12":{"start":{"line":26,"column":22},"end":{"line":40,"column":8}},"13":{"start":{"line":42,"column":6},"end":{"line":52,"column":8}},"14":{"start":{"line":44,"column":28},"end":{"line":51,"column":10}},"15":{"start":{"line":54,"column":6},"end":{"line":54,"column":16}},"16":{"start":{"line":60,"column":0},"end":{"line":115,"column":2}},"17":{"start":{"line":65,"column":4},"end":{"line":113,"column":5}},"18":{"start":{"line":66,"column":30},"end":{"line":66,"column":40}},"19":{"start":{"line":68,"column":21},"end":{"line":68,"column":58}},"20":{"start":{"line":69,"column":6},"end":{"line":70,"column":72}},"21":{"start":{"line":70,"column":8},"end":{"line":70,"column":72}},"22":{"start":{"line":72,"column":46},"end":{"line":72,"column":57}},"23":{"start":{"line":74,"column":17},"end":{"line":74,"column":67}},"24":{"start":{"line":76,"column":6},"end":{"line":92,"column":7}},"25":{"start":{"line":77,"column":35},"end":{"line":79,"column":10}},"26":{"start":{"line":80,"column":8},"end":{"line":81,"column":78}},"27":{"start":{"line":81,"column":10},"end":{"line":81,"column":78}},"28":{"start":{"line":83,"column":29},"end":{"line":83,"column":60}},"29":{"start":{"line":84,"column":8},"end":{"line":91,"column":11}},"30":{"start":{"line":94,"column":25},"end":{"line":101,"column":8}},"31":{"start":{"line":103,"column":6},"end":{"line":110,"column":9}},"32":{"start":{"line":112,"column":6},"end":{"line":112,"column":16}},"33":{"start":{"line":118,"column":0},"end":{"line":141,"column":2}},"34":{"start":{"line":123,"column":4},"end":{"line":139,"column":5}},"35":{"start":{"line":124,"column":38},"end":{"line":124,"column":48}},"36":{"start":{"line":126,"column":6},"end":{"line":130,"column":7}},"37":{"start":{"line":127,"column":8},"end":{"line":129,"column":10}},"38":{"start":{"line":132,"column":6},"end":{"line":134,"column":9}},"39":{"start":{"line":136,"column":6},"end":{"line":136,"column":21}},"40":{"start":{"line":138,"column":6},"end":{"line":138,"column":16}},"41":{"start":{"line":143,"column":0},"end":{"line":143,"column":22}}},"fnMap":{"0":{"name":"(anonymous_1)","decl":{"start":{"line":23,"column":2},"end":{"line":23,"column":7}},"loc":{"start":{"line":23,"column":64},"end":{"line":56,"column":3}}},"1":{"name":"(anonymous_2)","decl":{"start":{"line":44,"column":20},"end":{"line":44,"column":21}},"loc":{"start":{"line":44,"column":28},"end":{"line":51,"column":10}}},"2":{"name":"(anonymous_3)","decl":{"start":{"line":64,"column":2},"end":{"line":64,"column":7}},"loc":{"start":{"line":64,"column":64},"end":{"line":114,"column":3}}},"3":{"name":"(anonymous_4)","decl":{"start":{"line":122,"column":2},"end":{"line":122,"column":7}},"loc":{"start":{"line":122,"column":64},"end":{"line":140,"column":3}}}},"branchMap":{"0":{"loc":{"start":{"line":69,"column":6},"end":{"line":70,"column":72}},"type":"if","locations":[{"start":{"line":69,"column":6},"end":{"line":70,"column":72}},{"start":{},"end":{}}]},"1":{"loc":{"start":{"line":76,"column":6},"end":{"line":92,"column":7}},"type":"if","locations":[{"start":{"line":76,"column":6},"end":{"line":92,"column":7}},{"start":{"line":82,"column":13},"end":{"line":92,"column":7}}]},"2":{"loc":{"start":{"line":80,"column":8},"end":{"line":81,"column":78}},"type":"if","locations":[{"start":{"line":80,"column":8},"end":{"line":81,"column":78}},{"start":{},"end":{}}]},"3":{"loc":{"start":{"line":126,"column":6},"end":{"line":130,"column":7}},"type":"if","locations":[{"start":{"line":126,"column":6},"end":{"line":130,"column":7}},{"start":{},"end":{}}]}},"s":{"0":2,"1":2,"2":2,"3":2,"4":2,"5":2,"6":2,"7":2,"8":2,"9":2,"10":1,"11":1,"12":1,"13":1,"14":2,"15":0,"16":2,"17":2,"18":2,"19":2,"20":2,"21":0,"22":2,"23":2,"24":2,"25":1,"26":1,"27":1,"28":1,"29":1,"30":1,"31":1,"32":0,"33":2,"34":2,"35":2,"36":2,"37":1,"38":1,"39":1,"40":0,"41":2},"f":{"0":1,"1":2,"2":2,"3":2},"b":{"0":[0,2],"1":[1,1],"2":[1,0],"3":[1,1]}}
}
