TN:
SF:src/lib/errors.ts
FN:28,(anonymous_0)
FN:51,(anonymous_1)
FN:64,(anonymous_2)
FN:77,(anonymous_3)
FN:90,(anonymous_4)
FN:103,(anonymous_5)
FN:114,(anonymous_6)
FNF:7
FNH:5
FNDA:12,(anonymous_0)
FNDA:3,(anonymous_1)
FNDA:4,(anonymous_2)
FNDA:3,(anonymous_3)
FNDA:0,(anonymous_4)
FNDA:2,(anonymous_5)
FNDA:0,(anonymous_6)
DA:27,2
DA:30,12
DA:34,12
DA:36,12
DA:37,12
DA:51,2
DA:52,3
DA:64,2
DA:65,4
DA:77,2
DA:78,3
DA:90,2
DA:91,0
DA:103,2
DA:104,2
DA:114,2
DA:115,0
LF:17
LH:15
BRDA:51,0,0,0
BRDA:64,1,0,0
BRDA:77,2,0,0
BRDA:90,3,0,0
BRDA:103,4,0,0
BRDA:114,5,0,0
BRF:6
BRH:0
end_of_record
TN:
SF:src/lib/jwt.ts
FN:48,signAccessToken
FN:68,verifyAccessToken
FN:88,signRefreshToken
FN:106,verifyRefreshToken
FN:124,generateOpaqueToken
FNF:5
FNH:3
FNDA:10,signAccessToken
FNDA:8,verifyAccessToken
FNDA:2,signRefreshToken
FNDA:0,verifyRefreshToken
FNDA:0,generateOpaqueToken
DA:16,2
DA:17,2
DA:20,2
DA:22,2
DA:48,2
DA:49,10
DA:68,2
DA:69,8
DA:88,2
DA:89,2
DA:106,2
DA:107,0
DA:124,2
DA:125,0
LF:14
LH:12
BRDA:20,0,0,2
BRDA:20,0,1,2
BRDA:22,1,0,2
BRDA:22,1,1,2
BRF:4
BRH:4
end_of_record
TN:
SF:src/lib/prisma.ts
FNF:0
FNH:0
DA:1,0
DA:4,0
DA:6,0
DA:12,0
LF:4
LH:0
BRDA:7,0,0,0
BRDA:7,0,1,0
BRDA:9,1,0,0
BRDA:9,1,1,0
BRDA:12,2,0,0
BRDA:12,2,1,0
BRF:6
BRH:0
end_of_record
TN:
SF:src/lib/responses.ts
FN:31,(anonymous_0)
FN:43,(anonymous_1)
FN:56,(anonymous_2)
FNF:3
FNH:3
FNDA:3,(anonymous_0)
FNDA:2,(anonymous_1)
FNDA:1,(anonymous_2)
DA:31,3
DA:43,2
DA:44,2
DA:56,2
LF:4
LH:4
BRF:0
BRH:0
end_of_record
TN:
SF:src/middleware/auth.ts
FN:66,requireAuth
FN:121,requireRole
FN:122,(anonymous_2)
FNF:3
FNH:3
FNDA:10,requireAuth
FNDA:6,requireRole
FNDA:8,(anonymous_2)
DA:28,2
DA:29,2
DA:30,2
DA:66,2
DA:71,10
DA:72,10
DA:73,2
DA:76,8
DA:77,8
DA:78,8
DA:79,8
DA:82,8
DA:83,8
DA:84,8
DA:86,0
DA:121,2
DA:122,6
DA:123,8
DA:125,8
DA:127,8
DA:132,8
DA:134,7
DA:135,2
DA:138,5
DA:139,5
LF:25
LH:24
BRDA:72,0,0,2
BRDA:72,0,1,8
BRDA:82,1,0,0
BRDA:82,1,1,8
BRDA:125,2,0,0
BRDA:125,2,1,8
BRDA:132,3,0,1
BRDA:132,3,1,7
BRDA:134,4,0,2
BRDA:134,4,1,5
BRF:10
BRH:8
end_of_record
TN:
SF:src/middleware/logger.ts
FN:40,requestLogger
FN:44,(anonymous_1)
FNF:2
FNH:0
FNDA:0,requestLogger
FNDA:0,(anonymous_1)
DA:40,0
DA:41,0
DA:42,0
DA:44,0
DA:45,0
DA:46,0
DA:49,0
DA:51,0
DA:59,0
DA:64,0
LF:10
LH:0
BRDA:49,0,0,0
BRDA:49,0,1,0
BRDA:49,1,0,0
BRDA:49,1,1,0
BRDA:49,2,0,0
BRDA:49,2,1,0
BRDA:51,3,0,0
BRDA:51,3,1,0
BRDA:53,4,0,0
BRDA:53,4,1,0
BRDA:55,5,0,0
BRDA:55,5,1,0
BRF:12
BRH:0
end_of_record
TN:
SF:src/routes/auth.ts
FN:30,(anonymous_1)
FN:96,(anonymous_2)
FN:159,(anonymous_3)
FN:207,(anonymous_4)
FNF:4
FNH:3
FNDA:3,(anonymous_1)
FNDA:4,(anonymous_2)
FNDA:0,(anonymous_3)
FNDA:1,(anonymous_4)
DA:1,2
DA:2,2
DA:3,2
DA:4,2
DA:5,2
DA:10,2
DA:11,2
DA:13,2
DA:15,2
DA:22,2
DA:28,2
DA:31,3
DA:32,3
DA:33,3
DA:34,1
DA:36,2
DA:38,2
DA:39,2
DA:41,1
DA:43,1
DA:59,1
DA:63,1
DA:68,1
DA:76,1
DA:83,1
DA:88,0
DA:94,2
DA:97,4
DA:98,4
DA:99,4
DA:100,1
DA:102,3
DA:104,3
DA:105,3
DA:107,2
DA:108,2
DA:110,1
DA:114,1
DA:119,1
DA:127,1
DA:134,1
DA:139,1
DA:151,0
DA:157,2
DA:160,0
DA:161,0
DA:162,0
DA:164,0
DA:166,0
DA:167,0
DA:168,0
DA:171,0
DA:173,0
DA:177,0
DA:182,0
DA:190,0
DA:197,0
DA:199,0
DA:205,2
DA:208,1
DA:209,1
DA:210,1
DA:211,0
DA:213,1
DA:214,1
DA:216,0
DA:221,2
LF:67
LH:49
BRDA:33,0,0,1
BRDA:33,0,1,2
BRDA:39,1,0,1
BRDA:39,1,1,1
BRDA:48,2,0,1
BRDA:48,2,1,1
BRDA:99,3,0,1
BRDA:99,3,1,3
BRDA:105,4,0,1
BRDA:105,4,1,2
BRDA:108,5,0,1
BRDA:108,5,1,1
BRDA:142,6,0,1
BRDA:142,6,1,0
BRDA:162,7,0,0
BRDA:162,7,1,0
BRDA:167,8,0,0
BRDA:167,8,1,0
BRDA:167,9,0,0
BRDA:167,9,1,0
BRDA:210,10,0,0
BRDA:210,10,1,1
BRF:22
BRH:14
end_of_record
TN:
SF:src/routes/workspaces.ts
FN:23,(anonymous_1)
FN:44,(anonymous_2)
FN:64,(anonymous_3)
FN:122,(anonymous_4)
FNF:4
FNH:4
FNDA:1,(anonymous_1)
FNDA:2,(anonymous_2)
FNDA:2,(anonymous_3)
FNDA:2,(anonymous_4)
DA:1,2
DA:2,2
DA:3,2
DA:4,2
DA:5,2
DA:6,2
DA:7,2
DA:9,2
DA:11,2
DA:19,2
DA:24,1
DA:25,1
DA:26,1
DA:42,1
DA:44,2
DA:54,0
DA:60,2
DA:65,2
DA:66,2
DA:68,2
DA:69,2
DA:70,0
DA:72,2
DA:74,2
DA:76,2
DA:77,1
DA:80,1
DA:81,1
DA:83,1
DA:84,1
DA:94,1
DA:103,1
DA:112,0
DA:118,2
DA:123,2
DA:124,2
DA:126,2
DA:127,1
DA:132,1
DA:136,1
DA:138,0
DA:143,2
LF:42
LH:38
BRDA:69,0,0,0
BRDA:69,0,1,2
BRDA:76,1,0,1
BRDA:76,1,1,1
BRDA:80,2,0,1
BRDA:80,2,1,0
BRDA:126,3,0,1
BRDA:126,3,1,1
BRF:8
BRH:6
end_of_record
